<?xml version="1.0" encoding="UTF-8"?>
<!-- Generated by org.testng.reporters.JUnitReportReporter -->
<testsuite hostname="manishs-MacBook-Air.local" failures="0" tests="2" name="TestCases.LoginPageTest" time="12.825" errors="0" timestamp="26 Apr 2021 11:14:07 GMT" skipped="0">
  <testcase classname="TestCases.LoginPageTest" name="searchbtntest" time="6.524"/>
  <testcase classname="TestCases.LoginPageTest" name="loginTest" time="6.301"/>
</testsuite> <!-- TestCases.LoginPageTest -->
